2019-12-27 15:25:03,209 0      [           main] INFO  ClassPathXmlApplicationContext  - Refreshing org.springframework.context.support.ClassPathXmlApplicationContext@3fb6a447: startup date [Fri Dec 27 15:25:03 CST 2019]; root of context hierarchy
2019-12-27 15:25:03,269 60     [           main] INFO  ry.xml.XmlBeanDefinitionReader  - Loading XML bean definitions from class path resource [applicationContext.xml]
2019-12-27 16:14:39,528 0      [           main] INFO  ClassPathXmlApplicationContext  - Refreshing org.springframework.context.support.ClassPathXmlApplicationContext@5e5792a0: startup date [Fri Dec 27 16:14:39 CST 2019]; root of context hierarchy
2019-12-27 16:14:39,574 46     [           main] INFO  ry.xml.XmlBeanDefinitionReader  - Loading XML bean definitions from class path resource [applicationContext.xml]
2019-12-27 16:35:29,040 0      [           main] INFO  ClassPathXmlApplicationContext  - Refreshing org.springframework.context.support.ClassPathXmlApplicationContext@5e5792a0: startup date [Fri Dec 27 16:35:29 CST 2019]; root of context hierarchy
2019-12-27 16:35:29,091 51     [           main] INFO  ry.xml.XmlBeanDefinitionReader  - Loading XML bean definitions from class path resource [applicationContext.xml]
2019-12-27 16:42:31,090 0      [           main] INFO  ClassPathXmlApplicationContext  - Refreshing org.springframework.context.support.ClassPathXmlApplicationContext@5e5792a0: startup date [Fri Dec 27 16:42:31 CST 2019]; root of context hierarchy
2019-12-27 16:42:31,230 140    [           main] INFO  ry.xml.XmlBeanDefinitionReader  - Loading XML bean definitions from class path resource [applicationContext.xml]
2019-12-27 16:42:49,731 0      [           main] INFO  ClassPathXmlApplicationContext  - Refreshing org.springframework.context.support.ClassPathXmlApplicationContext@5e5792a0: startup date [Fri Dec 27 16:42:49 CST 2019]; root of context hierarchy
2019-12-27 16:42:49,771 40     [           main] INFO  ry.xml.XmlBeanDefinitionReader  - Loading XML bean definitions from class path resource [applicationContext.xml]
2019-12-27 16:46:07,294 0      [           main] INFO  ClassPathXmlApplicationContext  - Refreshing org.springframework.context.support.ClassPathXmlApplicationContext@5e5792a0: startup date [Fri Dec 27 16:46:07 CST 2019]; root of context hierarchy
2019-12-27 16:46:07,334 40     [           main] INFO  ry.xml.XmlBeanDefinitionReader  - Loading XML bean definitions from class path resource [applicationContext.xml]
2019-12-27 17:39:48,415 0      [           main] INFO  ClassPathXmlApplicationContext  - Refreshing org.springframework.context.support.ClassPathXmlApplicationContext@26653222: startup date [Fri Dec 27 17:39:48 CST 2019]; root of context hierarchy
2019-12-27 17:39:48,492 77     [           main] INFO  ry.xml.XmlBeanDefinitionReader  - Loading XML bean definitions from class path resource [applicationContext.xml]
2019-12-27 17:42:18,365 0      [           main] INFO  ClassPathXmlApplicationContext  - Refreshing org.springframework.context.support.ClassPathXmlApplicationContext@5e5792a0: startup date [Fri Dec 27 17:42:18 CST 2019]; root of context hierarchy
2019-12-27 17:42:18,407 42     [           main] INFO  ry.xml.XmlBeanDefinitionReader  - Loading XML bean definitions from class path resource [applicationContext.xml]
2019-12-27 17:42:35,128 0      [           main] INFO  ClassPathXmlApplicationContext  - Refreshing org.springframework.context.support.ClassPathXmlApplicationContext@5e5792a0: startup date [Fri Dec 27 17:42:35 CST 2019]; root of context hierarchy
2019-12-27 17:42:35,195 67     [           main] INFO  ry.xml.XmlBeanDefinitionReader  - Loading XML bean definitions from class path resource [applicationContext.xml]
2019-12-27 17:43:05,009 0      [           main] INFO  ClassPathXmlApplicationContext  - Refreshing org.springframework.context.support.ClassPathXmlApplicationContext@5e5792a0: startup date [Fri Dec 27 17:43:05 CST 2019]; root of context hierarchy
2019-12-27 17:43:05,058 49     [           main] INFO  ry.xml.XmlBeanDefinitionReader  - Loading XML bean definitions from class path resource [applicationContext.xml]
2019-12-27 17:43:34,133 0      [           main] INFO  ClassPathXmlApplicationContext  - Refreshing org.springframework.context.support.ClassPathXmlApplicationContext@5e5792a0: startup date [Fri Dec 27 17:43:34 CST 2019]; root of context hierarchy
2019-12-27 17:43:34,178 45     [           main] INFO  ry.xml.XmlBeanDefinitionReader  - Loading XML bean definitions from class path resource [applicationContext.xml]
2019-12-27 17:43:58,515 0      [           main] INFO  ClassPathXmlApplicationContext  - Refreshing org.springframework.context.support.ClassPathXmlApplicationContext@5e5792a0: startup date [Fri Dec 27 17:43:58 CST 2019]; root of context hierarchy
2019-12-27 17:43:58,595 80     [           main] INFO  ry.xml.XmlBeanDefinitionReader  - Loading XML bean definitions from class path resource [applicationContext.xml]
2019-12-27 17:44:40,513 0      [           main] INFO  ClassPathXmlApplicationContext  - Refreshing org.springframework.context.support.ClassPathXmlApplicationContext@5e5792a0: startup date [Fri Dec 27 17:44:40 CST 2019]; root of context hierarchy
2019-12-27 17:44:40,560 47     [           main] INFO  ry.xml.XmlBeanDefinitionReader  - Loading XML bean definitions from class path resource [applicationContext.xml]
2019-12-27 17:47:52,047 0      [           main] INFO  ClassPathXmlApplicationContext  - Refreshing org.springframework.context.support.ClassPathXmlApplicationContext@5e5792a0: startup date [Fri Dec 27 17:47:52 CST 2019]; root of context hierarchy
2019-12-27 17:47:52,092 45     [           main] INFO  ry.xml.XmlBeanDefinitionReader  - Loading XML bean definitions from class path resource [applicationContext.xml]
2019-12-27 17:48:43,876 0      [           main] INFO  ClassPathXmlApplicationContext  - Refreshing org.springframework.context.support.ClassPathXmlApplicationContext@5e5792a0: startup date [Fri Dec 27 17:48:43 CST 2019]; root of context hierarchy
2019-12-27 17:48:43,937 61     [           main] INFO  ry.xml.XmlBeanDefinitionReader  - Loading XML bean definitions from class path resource [applicationContext.xml]
2019-12-27 17:51:04,621 0      [           main] INFO  ClassPathXmlApplicationContext  - Refreshing org.springframework.context.support.ClassPathXmlApplicationContext@5e5792a0: startup date [Fri Dec 27 17:51:04 CST 2019]; root of context hierarchy
2019-12-27 17:51:04,667 46     [           main] INFO  ry.xml.XmlBeanDefinitionReader  - Loading XML bean definitions from class path resource [applicationContext.xml]
2019-12-27 17:52:05,521 0      [           main] INFO  ClassPathXmlApplicationContext  - Refreshing org.springframework.context.support.ClassPathXmlApplicationContext@5e5792a0: startup date [Fri Dec 27 17:52:05 CST 2019]; root of context hierarchy
2019-12-27 17:52:05,567 46     [           main] INFO  ry.xml.XmlBeanDefinitionReader  - Loading XML bean definitions from class path resource [applicationContext.xml]
2019-12-27 17:55:36,437 0      [           main] INFO  ClassPathXmlApplicationContext  - Refreshing org.springframework.context.support.ClassPathXmlApplicationContext@5e5792a0: startup date [Fri Dec 27 17:55:36 CST 2019]; root of context hierarchy
2019-12-27 17:55:36,501 64     [           main] INFO  ry.xml.XmlBeanDefinitionReader  - Loading XML bean definitions from class path resource [applicationContext.xml]
2019-12-27 17:55:50,990 0      [           main] INFO  ClassPathXmlApplicationContext  - Refreshing org.springframework.context.support.ClassPathXmlApplicationContext@5e5792a0: startup date [Fri Dec 27 17:55:50 CST 2019]; root of context hierarchy
2019-12-27 17:55:51,040 50     [           main] INFO  ry.xml.XmlBeanDefinitionReader  - Loading XML bean definitions from class path resource [applicationContext.xml]
2019-12-27 17:57:49,014 0      [           main] INFO  ClassPathXmlApplicationContext  - Refreshing org.springframework.context.support.ClassPathXmlApplicationContext@5e5792a0: startup date [Fri Dec 27 17:57:49 CST 2019]; root of context hierarchy
2019-12-27 17:57:49,057 43     [           main] INFO  ry.xml.XmlBeanDefinitionReader  - Loading XML bean definitions from class path resource [applicationContext.xml]
2019-12-27 17:59:23,271 0      [           main] INFO  ClassPathXmlApplicationContext  - Refreshing org.springframework.context.support.ClassPathXmlApplicationContext@5e5792a0: startup date [Fri Dec 27 17:59:23 CST 2019]; root of context hierarchy
2019-12-27 17:59:23,315 44     [           main] INFO  ry.xml.XmlBeanDefinitionReader  - Loading XML bean definitions from class path resource [applicationContext.xml]
2019-12-27 18:02:19,614 0      [           main] INFO  ClassPathXmlApplicationContext  - Refreshing org.springframework.context.support.ClassPathXmlApplicationContext@5e5792a0: startup date [Fri Dec 27 18:02:19 CST 2019]; root of context hierarchy
2019-12-27 18:02:19,656 42     [           main] INFO  ry.xml.XmlBeanDefinitionReader  - Loading XML bean definitions from class path resource [applicationContext.xml]
2019-12-27 18:02:37,716 0      [           main] INFO  ClassPathXmlApplicationContext  - Refreshing org.springframework.context.support.ClassPathXmlApplicationContext@5e5792a0: startup date [Fri Dec 27 18:02:37 CST 2019]; root of context hierarchy
2019-12-27 18:02:37,766 50     [           main] INFO  ry.xml.XmlBeanDefinitionReader  - Loading XML bean definitions from class path resource [applicationContext.xml]
2019-12-27 18:06:45,618 0      [           main] INFO  ClassPathXmlApplicationContext  - Refreshing org.springframework.context.support.ClassPathXmlApplicationContext@5e5792a0: startup date [Fri Dec 27 18:06:45 CST 2019]; root of context hierarchy
2019-12-27 18:06:45,661 43     [           main] INFO  ry.xml.XmlBeanDefinitionReader  - Loading XML bean definitions from class path resource [applicationContext.xml]
2019-12-27 18:26:04,701 1      [           main] INFO  ClassPathXmlApplicationContext  - Refreshing org.springframework.context.support.ClassPathXmlApplicationContext@5e5792a0: startup date [Fri Dec 27 18:26:04 CST 2019]; root of context hierarchy
2019-12-27 18:26:04,750 50     [           main] INFO  ry.xml.XmlBeanDefinitionReader  - Loading XML bean definitions from class path resource [applicationContext.xml]
2019-12-27 18:26:05,209 509    [           main] INFO         com.mchange.v2.log.MLog  - MLog clients using log4j logging.
2019-12-27 18:26:05,581 881    [           main] INFO  m.mchange.v2.c3p0.C3P0Registry  - Initializing c3p0-0.9.1.2 [built 21-May-2007 15:04:56; debug? true; trace: 10]
2019-12-27 18:26:05,814 1114   [           main] INFO  l.AbstractPoolBackedDataSource  - Initializing c3p0 pool... com.mchange.v2.c3p0.ComboPooledDataSource [ acquireIncrement -> 3, acquireRetryAttempts -> 30, acquireRetryDelay -> 1000, autoCommitOnClose -> false, automaticTestTable -> null, breakAfterAcquireFailure -> false, checkoutTimeout -> 0, connectionCustomizerClassName -> null, connectionTesterClassName -> com.mchange.v2.c3p0.impl.DefaultConnectionTester, dataSourceName -> 1hgfa4ha7jo49x51tcz0zf|302552ec, debugUnreturnedConnectionStackTraces -> false, description -> null, driverClass -> com.mysql.jdbc.Driver, factoryClassLocation -> null, forceIgnoreUnresolvedTransactions -> false, identityToken -> 1hgfa4ha7jo49x51tcz0zf|302552ec, idleConnectionTestPeriod -> 0, initialPoolSize -> 3, jdbcUrl -> jdbc:mysql://localhost:3306/ssm?serverTimezone=UTC&characterEncoding=utf-8&useUnicode=true, maxAdministrativeTaskTime -> 0, maxConnectionAge -> 0, maxIdleTime -> 0, maxIdleTimeExcessConnections -> 0, maxPoolSize -> 15, maxStatements -> 0, maxStatementsPerConnection -> 0, minPoolSize -> 3, numHelperThreads -> 3, numThreadsAwaitingCheckoutDefaultUser -> 0, preferredTestQuery -> null, properties -> {user=******, password=******}, propertyCycle -> 0, testConnectionOnCheckin -> false, testConnectionOnCheckout -> false, unreturnedConnectionTimeout -> 0, usesTraditionalReflectiveProxies -> false ]
2019-12-27 18:39:35,551 0      [           main] INFO  ClassPathXmlApplicationContext  - Refreshing org.springframework.context.support.ClassPathXmlApplicationContext@5e5792a0: startup date [Fri Dec 27 18:39:35 CST 2019]; root of context hierarchy
2019-12-27 18:39:35,717 166    [           main] INFO  ry.xml.XmlBeanDefinitionReader  - Loading XML bean definitions from class path resource [applicationContext.xml]
2019-12-27 18:39:36,946 1395   [           main] INFO         com.mchange.v2.log.MLog  - MLog clients using log4j logging.
2019-12-27 18:39:37,604 2053   [           main] INFO  m.mchange.v2.c3p0.C3P0Registry  - Initializing c3p0-0.9.1.2 [built 21-May-2007 15:04:56; debug? true; trace: 10]
2019-12-27 18:39:38,365 2814   [           main] INFO  l.AbstractPoolBackedDataSource  - Initializing c3p0 pool... com.mchange.v2.c3p0.ComboPooledDataSource [ acquireIncrement -> 3, acquireRetryAttempts -> 30, acquireRetryDelay -> 1000, autoCommitOnClose -> false, automaticTestTable -> null, breakAfterAcquireFailure -> false, checkoutTimeout -> 0, connectionCustomizerClassName -> null, connectionTesterClassName -> com.mchange.v2.c3p0.impl.DefaultConnectionTester, dataSourceName -> 1hgfa4ha7joloafshuafq|76f2bbc1, debugUnreturnedConnectionStackTraces -> false, description -> null, driverClass -> com.mysql.jdbc.Driver, factoryClassLocation -> null, forceIgnoreUnresolvedTransactions -> false, identityToken -> 1hgfa4ha7joloafshuafq|76f2bbc1, idleConnectionTestPeriod -> 0, initialPoolSize -> 3, jdbcUrl -> jdbc:mysql://localhost:3306/ssm?serverTimezone=UTC&characterEncoding=utf-8&useUnicode=true, maxAdministrativeTaskTime -> 0, maxConnectionAge -> 0, maxIdleTime -> 0, maxIdleTimeExcessConnections -> 0, maxPoolSize -> 15, maxStatements -> 0, maxStatementsPerConnection -> 0, minPoolSize -> 3, numHelperThreads -> 3, numThreadsAwaitingCheckoutDefaultUser -> 0, preferredTestQuery -> null, properties -> {user=******, password=******}, propertyCycle -> 0, testConnectionOnCheckin -> false, testConnectionOnCheckout -> false, unreturnedConnectionTimeout -> 0, usesTraditionalReflectiveProxies -> false ]
2019-12-27 18:51:40,652 0      [           main] INFO  ClassPathXmlApplicationContext  - Refreshing org.springframework.context.support.ClassPathXmlApplicationContext@5e5792a0: startup date [Fri Dec 27 18:51:40 CST 2019]; root of context hierarchy
2019-12-27 18:51:40,752 100    [           main] INFO  ry.xml.XmlBeanDefinitionReader  - Loading XML bean definitions from class path resource [applicationContext.xml]
2019-12-27 18:51:41,809 1157   [           main] INFO         com.mchange.v2.log.MLog  - MLog clients using log4j logging.
2019-12-27 18:51:42,442 1790   [           main] INFO  m.mchange.v2.c3p0.C3P0Registry  - Initializing c3p0-0.9.1.2 [built 21-May-2007 15:04:56; debug? true; trace: 10]
2019-12-27 18:51:43,028 2376   [           main] INFO  l.AbstractPoolBackedDataSource  - Initializing c3p0 pool... com.mchange.v2.c3p0.ComboPooledDataSource [ acquireIncrement -> 3, acquireRetryAttempts -> 30, acquireRetryDelay -> 1000, autoCommitOnClose -> false, automaticTestTable -> null, breakAfterAcquireFailure -> false, checkoutTimeout -> 0, connectionCustomizerClassName -> null, connectionTesterClassName -> com.mchange.v2.c3p0.impl.DefaultConnectionTester, dataSourceName -> 1hgfa4ha7jp17l15fm89r|76f2bbc1, debugUnreturnedConnectionStackTraces -> false, description -> null, driverClass -> com.mysql.jdbc.Driver, factoryClassLocation -> null, forceIgnoreUnresolvedTransactions -> false, identityToken -> 1hgfa4ha7jp17l15fm89r|76f2bbc1, idleConnectionTestPeriod -> 0, initialPoolSize -> 3, jdbcUrl -> jdbc:mysql://localhost:3306/ssm?serverTimezone=UTC&characterEncoding=utf-8&useUnicode=true, maxAdministrativeTaskTime -> 0, maxConnectionAge -> 0, maxIdleTime -> 0, maxIdleTimeExcessConnections -> 0, maxPoolSize -> 15, maxStatements -> 0, maxStatementsPerConnection -> 0, minPoolSize -> 3, numHelperThreads -> 3, numThreadsAwaitingCheckoutDefaultUser -> 0, preferredTestQuery -> null, properties -> {user=******, password=******}, propertyCycle -> 0, testConnectionOnCheckin -> false, testConnectionOnCheckout -> false, unreturnedConnectionTimeout -> 0, usesTraditionalReflectiveProxies -> false ]
2019-12-27 18:54:21,101 0      [           main] INFO  ClassPathXmlApplicationContext  - Refreshing org.springframework.context.support.ClassPathXmlApplicationContext@5e5792a0: startup date [Fri Dec 27 18:54:21 CST 2019]; root of context hierarchy
2019-12-27 18:54:21,195 94     [           main] INFO  ry.xml.XmlBeanDefinitionReader  - Loading XML bean definitions from class path resource [applicationContext.xml]
2019-12-27 18:54:22,085 984    [           main] INFO         com.mchange.v2.log.MLog  - MLog clients using log4j logging.
2019-12-27 18:54:22,543 1442   [           main] INFO  m.mchange.v2.c3p0.C3P0Registry  - Initializing c3p0-0.9.1.2 [built 21-May-2007 15:04:56; debug? true; trace: 10]
2019-12-27 18:54:23,130 2029   [           main] INFO  l.AbstractPoolBackedDataSource  - Initializing c3p0 pool... com.mchange.v2.c3p0.ComboPooledDataSource [ acquireIncrement -> 3, acquireRetryAttempts -> 30, acquireRetryDelay -> 1000, autoCommitOnClose -> false, automaticTestTable -> null, breakAfterAcquireFailure -> false, checkoutTimeout -> 0, connectionCustomizerClassName -> null, connectionTesterClassName -> com.mchange.v2.c3p0.impl.DefaultConnectionTester, dataSourceName -> 1hgfa4ha7jp4n8rzq2k27|76f2bbc1, debugUnreturnedConnectionStackTraces -> false, description -> null, driverClass -> com.mysql.jdbc.Driver, factoryClassLocation -> null, forceIgnoreUnresolvedTransactions -> false, identityToken -> 1hgfa4ha7jp4n8rzq2k27|76f2bbc1, idleConnectionTestPeriod -> 0, initialPoolSize -> 3, jdbcUrl -> jdbc:mysql://localhost:3306/ssm?serverTimezone=UTC&characterEncoding=utf-8&useUnicode=true, maxAdministrativeTaskTime -> 0, maxConnectionAge -> 0, maxIdleTime -> 0, maxIdleTimeExcessConnections -> 0, maxPoolSize -> 15, maxStatements -> 0, maxStatementsPerConnection -> 0, minPoolSize -> 3, numHelperThreads -> 3, numThreadsAwaitingCheckoutDefaultUser -> 0, preferredTestQuery -> null, properties -> {user=******, password=******}, propertyCycle -> 0, testConnectionOnCheckin -> false, testConnectionOnCheckout -> false, unreturnedConnectionTimeout -> 0, usesTraditionalReflectiveProxies -> false ]
2019-12-28 11:54:04,850 0      [           main] INFO  ClassPathXmlApplicationContext  - Refreshing org.springframework.context.support.ClassPathXmlApplicationContext@5e5792a0: startup date [Sat Dec 28 11:54:04 CST 2019]; root of context hierarchy
2019-12-28 11:54:04,921 71     [           main] INFO  ry.xml.XmlBeanDefinitionReader  - Loading XML bean definitions from class path resource [applicationContext.xml]
2019-12-28 11:54:05,540 690    [           main] INFO         com.mchange.v2.log.MLog  - MLog clients using log4j logging.
2019-12-28 11:54:05,880 1030   [           main] INFO  m.mchange.v2.c3p0.C3P0Registry  - Initializing c3p0-0.9.1.2 [built 21-May-2007 15:04:56; debug? true; trace: 10]
2019-12-28 11:54:06,399 1549   [           main] INFO  l.AbstractPoolBackedDataSource  - Initializing c3p0 pool... com.mchange.v2.c3p0.ComboPooledDataSource [ acquireIncrement -> 3, acquireRetryAttempts -> 30, acquireRetryDelay -> 1000, autoCommitOnClose -> false, automaticTestTable -> null, breakAfterAcquireFailure -> false, checkoutTimeout -> 0, connectionCustomizerClassName -> null, connectionTesterClassName -> com.mchange.v2.c3p0.impl.DefaultConnectionTester, dataSourceName -> 1hgfa4ha7kpk0p011ro3im|f381794, debugUnreturnedConnectionStackTraces -> false, description -> null, driverClass -> com.mysql.jdbc.Driver, factoryClassLocation -> null, forceIgnoreUnresolvedTransactions -> false, identityToken -> 1hgfa4ha7kpk0p011ro3im|f381794, idleConnectionTestPeriod -> 0, initialPoolSize -> 3, jdbcUrl -> jdbc:mysql://localhost:3306/ssm?serverTimezone=UTC&characterEncoding=utf-8&useUnicode=true, maxAdministrativeTaskTime -> 0, maxConnectionAge -> 0, maxIdleTime -> 0, maxIdleTimeExcessConnections -> 0, maxPoolSize -> 15, maxStatements -> 0, maxStatementsPerConnection -> 0, minPoolSize -> 3, numHelperThreads -> 3, numThreadsAwaitingCheckoutDefaultUser -> 0, preferredTestQuery -> null, properties -> {user=******, password=******}, propertyCycle -> 0, testConnectionOnCheckin -> false, testConnectionOnCheckout -> false, unreturnedConnectionTimeout -> 0, usesTraditionalReflectiveProxies -> false ]
2019-12-28 11:55:11,389 0      [           main] INFO  ClassPathXmlApplicationContext  - Refreshing org.springframework.context.support.ClassPathXmlApplicationContext@5e5792a0: startup date [Sat Dec 28 11:55:11 CST 2019]; root of context hierarchy
2019-12-28 11:55:11,438 49     [           main] INFO  ry.xml.XmlBeanDefinitionReader  - Loading XML bean definitions from class path resource [applicationContext.xml]
2019-12-28 11:55:12,171 782    [           main] INFO         com.mchange.v2.log.MLog  - MLog clients using log4j logging.
2019-12-28 11:55:12,480 1091   [           main] INFO  m.mchange.v2.c3p0.C3P0Registry  - Initializing c3p0-0.9.1.2 [built 21-May-2007 15:04:56; debug? true; trace: 10]
2019-12-28 11:55:12,923 1534   [           main] INFO  l.AbstractPoolBackedDataSource  - Initializing c3p0 pool... com.mchange.v2.c3p0.ComboPooledDataSource [ acquireIncrement -> 3, acquireRetryAttempts -> 30, acquireRetryDelay -> 1000, autoCommitOnClose -> false, automaticTestTable -> null, breakAfterAcquireFailure -> false, checkoutTimeout -> 0, connectionCustomizerClassName -> null, connectionTesterClassName -> com.mchange.v2.c3p0.impl.DefaultConnectionTester, dataSourceName -> 1hgfa4ha7kplg3tnxx4gz|f381794, debugUnreturnedConnectionStackTraces -> false, description -> null, driverClass -> com.mysql.jdbc.Driver, factoryClassLocation -> null, forceIgnoreUnresolvedTransactions -> false, identityToken -> 1hgfa4ha7kplg3tnxx4gz|f381794, idleConnectionTestPeriod -> 0, initialPoolSize -> 3, jdbcUrl -> jdbc:mysql://localhost:3306/ssm?serverTimezone=UTC&characterEncoding=utf-8&useUnicode=true, maxAdministrativeTaskTime -> 0, maxConnectionAge -> 0, maxIdleTime -> 0, maxIdleTimeExcessConnections -> 0, maxPoolSize -> 15, maxStatements -> 0, maxStatementsPerConnection -> 0, minPoolSize -> 3, numHelperThreads -> 3, numThreadsAwaitingCheckoutDefaultUser -> 0, preferredTestQuery -> null, properties -> {user=******, password=******}, propertyCycle -> 0, testConnectionOnCheckin -> false, testConnectionOnCheckout -> false, unreturnedConnectionTimeout -> 0, usesTraditionalReflectiveProxies -> false ]
2019-12-28 11:58:07,726 0      [           main] INFO  ClassPathXmlApplicationContext  - Refreshing org.springframework.context.support.ClassPathXmlApplicationContext@5e5792a0: startup date [Sat Dec 28 11:58:07 CST 2019]; root of context hierarchy
2019-12-28 11:58:07,767 41     [           main] INFO  ry.xml.XmlBeanDefinitionReader  - Loading XML bean definitions from class path resource [applicationContext.xml]
2019-12-28 11:58:08,232 506    [           main] INFO         com.mchange.v2.log.MLog  - MLog clients using log4j logging.
2019-12-28 11:58:08,545 819    [           main] INFO  m.mchange.v2.c3p0.C3P0Registry  - Initializing c3p0-0.9.1.2 [built 21-May-2007 15:04:56; debug? true; trace: 10]
